248  20:53     爬墙 - UE4 Tutorials #245
249  12:47     停留在倒下的姿势上 - UE4 Tutorials #246
250  41: 2     攀爬-悬挂和攀爬 - UE4 Tutorials #247
251   9:20     爬墙 - 面向墙壁 - UE4 Tutorials #248
252  30:30     爬墙 - 挂在墙壁上 - UE4 Tutorials #249
253  23:35     爬墙 - 左右摇晃 - UE4 Tutorials #250
254  11:17     Unreal Climbing System -  Moving on curved ledges - UE4 Tutorials #251
255  12:24     Unreal Climbing System -  Let Go and Fall - UE4 Tutorials #252
256  22:56     Unreal Climbing System -  Climb up ledge - UE4 Tutorials #253
257  27:22     Unreal prevent overhanging character on ledges - UE4 Tutorials #254
258  14:29     Unreal prevent overhanging Character - Step Away from Edge - UE4 Tutorials #255
259  19: 7     Unreal Climbing System - Bug fixing - UE4 Tutorials #256
260  12:31     Unreal Climbing and Arrows - Bug fixing - UE4 Tutorials #257
261  33:46     Unreal Climbing System - Hanging on Gaps - UE4 Tutorials #258
262  15:13     Unreal Climbing System - Hand  IK - UE4 Tutorials #259
263  25:30     Unreal Climbing System - IK Issues - UE4 Tutorials #260
264  33:59     Unreal Climbing System - Hanging on different shaped objects - UE4 Tutorials #26
265  18:10     Unreal Climbing System - Grab closest hanging point - UE4 Tutorials #262
266  23:59     Unreal Climbing System - Hop Up - UE4 Tutorials #263
267  14:55     Unreal Climbing System - Hop Up Animation - UE4 Tutorials #264
268  36:56     Unreal Wall Climbing Leg IK - UE4 Tutorials #265
269  28: 2     Unreal Wall Climbing - IK Improvements - UE4 Tutorials #266
270  22:13     Unreal Wall Climbing - Hanging to Stand Up - UE4 Tutorials #267
271  25: 8     Unreal 8 direction movement on wall - UE4 Tutorials #268
272  20:24     Unreal Moving on ledge - UE4 Tutorials #269
273  17:34     Unreal CLimbing System - Leading Hand - UE4 Tutorials #270
274  19: 4     Unreal Climbing System - Moving Hand in a curve with IK - UE4 Tutorials #271
275  14:36     Unreal Climbing System - Bug Fixing - UE4 Tutorials #272
276  35:50     Unreal Climbing System -Free Hanging - UE4 Tutorials #273
277  42:55     Weapon Socket Physics Simulation - UE4 Tutorials #274
278  28:20     Unreal Physics Asset - Leg Constraints - UE4 Tutorials #277
279  20:23     Unreal Physics Asset - Head and Spine Constraints - UE4 Tutorials #278
280  22:35     Unreal Physical Animations Blending Transition - UE4 Tutorials #280
281  18: 7     Vector Spring interpolation - UE4 Tutorials #281
282  29:46     Wall Eject Animation Anticipation - UE4 Tutorials #282
283  19:45     Wall Eject Animation Anticipation II - UE4 Tutorials #283
284  17:13     Wall Climbing - Bug Fixes - UE4 Tutorials #284
285  14:16     Wall Hanging Fixes - UE4 Tutorials #285
286  28:32     Unreal Cel Shading- UE4 Tutorials #286
287   8:53     Unreal Cel Shading - Distance Shadows - UE4 Tutorials #287
288   8:50     Unreal Cel Shading - Distance Shadows - UE4 Tutorials #288
289  14:52     Unreal Easy Outline Rendering Post Process - UE4 Tutorials #289
290  25:49     Unreal Cel Shading - Remove texture details - UE4 Tutorials #290
291  12:12     Unreal Stylized Landscape Material - UE4 Tutorials #291
292   6:37     Unreal Stylized Landscape Material - Distance Based Color Blending - UE4 Tutoria
293   8:42     Unreal Stylized Landscape Material - Grass Output - UE4 Tutorials #293
294   8: 9     Unreal Stylized Grass Material - UE4 Tutorials #294
295  27:55     Unreal Directional Grass Wind - UE4 Tutorials #295
296   9:14     Unreal Stylized Landscape Textures - UE4 Tutorials #297
297  26:54     Unreal Directional Global Wind - Bending trees according to the wind I - #298
298  11:20     Unreal Directional Global Wind - Bending trees according to the wind II - 299
299   6:40     Upgrading Project to Unreal 4.23 - UE4 Tutorials #300
300  28: 9     Full Project Release With Paragon Trees - UE4 Tutorials #301
301  25: 3     Unreal Directional Global Wind - Bending Foliage according to the wind III - 302
302  20:43     Unreal Grass Color Blending with Landscape I - UE4 Tutorials #303
303  10:55     Unreal Grass Color Blending with Landscape II - UE4 Tutorials #304
304  11:19     Unreal LOD Transition - UE4 Tutorials #305
305   8:17     Unreal Grass Growing - UE4 Tutorials #306
306  18:27     Unreal Stylized Trees I - UE4 Tutorials #307
307  11:25     Unreal Stylized Trees II - UE4 Tutorials #308
308   9: 4     Unreal Blending Foliage Meshes With Landscape - UE4 Tutorials #309
309  17:35     Procedural Environments - Cliffs - UE4 Tutorials #310
310  12:25     Static vs Instanced Static Meshes - UE4 Tutorials #311
311  31:29     Unreal Procedural Roads and Bridges I - UE4 Tutorials #312
312  15: 2     Unreal Procedural Roads and Bridges II - UE4 Tutorials #313
313  17:42     Unreal Procedural Walls - UE4 Tutorials #314
314   9: 3     Unreal Editor Utility Widgets - UE4 Tutorials #315
315  23:56     Instanced Static Mesh Editing I - UE4 Tutorials #316
316  16:41     Instanced Static Mesh Editing II - UE4 Tutorials #317
317  22:18     Advanced Procedural Tools - Keeping State - UE4 Tutorials #318
318   9: 7     Advanced Procedural Roads - Location Offset - UE4 Tutorials #319
319   7:21     Advanced Procedural Roads - Random Rotation for mesh instances- UE4 Tutorials #3
320  15:51     Advanced Procedural Tools - Add new elements - UE4 Tutorials #321
321  39: 2     Don't Watch This - UE4 Tutorials #322
322  27: 6     Another disappointing Attempt-  An ugly way to share instanced static meshes - U
323  17: 2     Wet Surface Near Water - UE4 Tutorials #324
324  22:44     Procedural Buildings I - UE4 Tutorials #325
325  13:58     Fall Damage - UE4 Tutorials #326
326  24:32     Advanced Procedural Foliage Spawner I - UE4 Tutorials #327
327  23:22     Advanced Procedural Foliage Spawner II - UE4 Tutorials #328
328  23:24     Advanced Procedural Foliage Spawner III - Points Inside a polygon - UE4 Tutorial
329  23:37     Procedural Crop Field - UE4 Tutorials #330
330  25:42     Procedural Crop Field - Editing Individual Instances I - UE4 Tutorials #331
331  13:10     Procedural Crop Field - Editing Individual Instances II - UE4 Tutorials #332
332  10:33     Procedural Crop Field - Randomness - UE4 Tutorials #333
333   9: 3     Unreal Horse Riding - Camera Bugs - UE4 Tutorials #334
334  18:53     Unreal Horse Riding - Rider - UE4 Tutorials #335
335  13: 8     Creating Custom Characters With Adobe Fuse and Mixamo I - UE4 Tutorials #336
336  10:10     Creating Custom Characters With Adobe Fuse and Mixamo II - UE4 Tutorials #337
337  14:51     Civilian Character - Movement Blendspace - UE4 Tutorials #338
338  16:28     Civilian AI - Behavior Tree - UE4 Tutorials #339
339   6:14     Landscape Material - Removing Grass - UE4 Tutorials #340
340  16:20     Civilian - Procedural Farm - UE4 Tutorials #341
341  24:31     Civilian AI - Farming - UE4 Tutorials #342
342  11:37     Civilian AI - Working Area - UE4 Tutorials #343
343  30:51     Civilian AI - Run Away From Danger - UE4 Tutorials #344
344  31:32     Procedural Fence - Random Meshes - UE4 Tutorials #345
345  14:36     Landscape Spline Roads - UE4 Tutorials #346
346  32:54     Open World Design - Lake - UE4 Tutorials #347
347  32:21     Unreal Water Material Part 1 - UE4 Tutorials #348
348   8:17     Unreal Water Material Part II - Blending Water Edge with Land - UE4 Tutorials #3
349  19:42     Unreal Water Material Part III - Water Foams - UE4 Tutorials #350
350  20: 3     Unreal Water Material Part IV - Water Waves - UE4 Tutorials #351
351  18:54     Unreal Landscape Sea Level - UE4 Tutorials #352
352  11: 5     Procedural Farmland - UE4 Tutorials #353
353  46:43     Procedural Farmland - UE4 Tutorials #354
354  38:27     Level Design - Island Village I - UE4 Tutorials #355
355  17:52     Unreal Landscape Road Material Layer - UE4 Tutorials #356
356  32:26     Unreal Village Level Design - UE4 Tutorials #357
357  28:21     Unreal Island Level - Megascan Cliffs - UE4 Tutorials #358
358  19:58     Blending Rocks & Land - UE4 Tutorials #359
359  24:27     Blending Rocks & Land - UE4 Tutorials #360
360  21:10     How to merge static meshes - UE4 Tutorials #361
361  43: 0     Procedural Stairs - UE4 Tutorials #362
362  31:14     Unreal Level Design - Temple Entrance  - UE4 Tutorials #363
363  12:48     Unreal Static Mesh Collision Editing  - UE4 Tutorials #364
364  21:17     Unreal Level Design - Public Park  - UE4 Tutorials #365
365  43:22     Pedestrian NPCs - UE4 Tutorials #366
366  28:35     Unreal Greybox Level Design with BSP Geometry
367  40:50     Spawning pedestrians along the road  - UE4 Tutorials #366
368   9:39     Spawning pedestrians along the road  - UE4 Tutorials #367
369  32:41     Retargeting Mixamo Characters in unreal engine  - UE4 Tutorials #368
370  25:36     Pedestrian Variations  - UE4 Tutorials #369
371  14:12     Character Randomization (Hair)  - UE4 Tutorials #370
372  14:40     Character Randomization (Skin Color)  - UE4 Tutorials #371
373  14:20     Customizing Facial Hair - UE4 Tutorials #372
374  11:52     Customizing NPC Cloth - UE4 Tutorials #373
375  20:37     Upgrading the project to unreal engine 4.24 - UE4 Tutorials #374
376  10:23     Restoring Grass Collisions & Reactions - UE4 Tutorials #375
377  27: 3     Unreal Night Sky - UE4 Tutorials #376
378  20:25     Unreal Sky Atmosphere with Time of Day - UE4 Tutorial #377
379  14: 7     Unreal Sky Atmosphere with Time of Day II - UE4 Tutorial #378
380  31:43     Smooth Day and Night Sky Transition with Stars - UE4 Tutorial #379
381  24: 6     Unreal Moon - UE4 Tutorial #380
382   9:59     Unreal Phases of Moon - UE4 Tutorial #381
383   8:17     Auto Exposure - UE4 Tutorial #382
384  25:11     NPCs on Benches - UE4 Tutorial #383
385  36:16     Open World NPC Spawner - UE4 Tutorial #384
386  20:48     Safely Destroy Actors When Out Of Range and Not On Screen - UE4 Tutorial #385
387  39:46     Predictive Jump - UE4 Tutorial #386
388  29:19     Predictive Jump - Launch Velocity - UE4 Tutorial #387
389  28: 9     Unreal Climbing - Hang On Ledge - UE4 Tutorial #388
390  43:40     Unreal Climbing - Climb Up Ledge - UE4 Tutorial #389
391  42:12     Unreal Climbing - Climb Up Ledge - UE4 Tutorial #390
392  12:42     Unreal Climbing - Eject Towards Ledge - UE4 Tutorial #391
393  25:11     Unreal Climbing - Capsule Trace Before Climb - UE4 Tutorial #392
394  37:57     Unreal Climbing - Capsule Trace Before Climb - UE4 Tutorial #393
